<?xml version="1.0" encoding="UTF-8"?>
<!-- Generated by org.testng.reporters.JUnitReportReporter -->
<testsuite skipped="0" hostname="DESKTOP-5EESGLJ" name="log4jpackage.testlog4j" tests="1" failures="0" timestamp="20 Oct 2017 04:36:35 GMT" time="0.030" errors="0">
  <testcase name="testLogin" time="0.030" classname="log4jpackage.testlog4j"/>
</testsuite> <!-- log4jpackage.testlog4j -->
